[0830/075733.783:ERROR:process_memory_win.cc(73)] ReadMemory at 0x1dc04c74ba0 of 72 bytes failed: 仅完成部分的 ReadProcessMemory 或 WriteProcessMemory 请求。 (0x12B)
[0830/075733.799:WARNING:pe_image_annotations_reader.cc(134)] could not read annotations list object in C:\Program Files (x86)\Google\Chrome\Application\84.0.4147.135\chrome_elf.dll
[0830/075733.799:ERROR:process_memory_win.cc(73)] ReadMemory at 0x7fff73850000 of 64 bytes failed: 仅完成部分的 ReadProcessMemory 或 WriteProcessMemory 请求。 (0x12B)
[0830/075733.799:WARNING:pe_image_reader.cc(340)] could not read dos header from C:\Program Files (x86)\Google\Chrome\Application\84.0.4147.135\chrome.dll
[0830/075733.799:ERROR:process_memory_win.cc(73)] ReadMemory at 0x7ff76ea20000 of 64 bytes failed: 仅完成部分的 ReadProcessMemory 或 WriteProcessMemory 请求。 (0x12B)
[0830/075733.799:WARNING:pe_image_reader.cc(340)] could not read dos header from C:\Program Files (x86)\Google\Chrome\Application\chrome.exe
[0830/075733.799:ERROR:process_memory_win.cc(73)] ReadMemory at 0x1dc04c74ba0 of 72 bytes failed: 仅完成部分的 ReadProcessMemory 或 WriteProcessMemory 请求。 (0x12B)
[0830/075733.799:WARNING:pe_image_annotations_reader.cc(134)] could not read annotations list object in C:\Program Files (x86)\Google\Chrome\Application\84.0.4147.135\chrome_elf.dll
[0830/075733.800:ERROR:process_memory_win.cc(73)] ReadMemory at 0x7fff73850000 of 64 bytes failed: 仅完成部分的 ReadProcessMemory 或 WriteProcessMemory 请求。 (0x12B)
[0830/075733.800:WARNING:pe_image_reader.cc(340)] could not read dos header from C:\Program Files (x86)\Google\Chrome\Application\84.0.4147.135\chrome.dll
[0830/075733.811:ERROR:process_memory_win.cc(73)] ReadMemory at 0x444d1db000 of 151552 bytes failed: 仅完成部分的 ReadProcessMemory 或 WriteProcessMemory 请求。 (0x12B)
[0830/075733.811:ERROR:process_memory_win.cc(73)] ReadMemory at 0x444d9fd000 of 12288 bytes failed: 仅完成部分的 ReadProcessMemory 或 WriteProcessMemory 请求。 (0x12B)
[0830/075733.811:ERROR:process_memory_win.cc(73)] ReadMemory at 0x444e9fc000 of 16384 bytes failed: 仅完成部分的 ReadProcessMemory 或 WriteProcessMemory 请求。 (0x12B)
[0830/075733.812:ERROR:process_memory_win.cc(73)] ReadMemory at 0x444f1fc000 of 16384 bytes failed: 仅完成部分的 ReadProcessMemory 或 WriteProcessMemory 请求。 (0x12B)
[0830/075733.812:ERROR:process_memory_win.cc(73)] ReadMemory at 0x444f9ff000 of 4096 bytes failed: 仅完成部分的 ReadProcessMemory 或 WriteProcessMemory 请求。 (0x12B)
[0830/075733.812:ERROR:process_memory_win.cc(73)] ReadMemory at 0x44501fd000 of 12288 bytes failed: 仅完成部分的 ReadProcessMemory 或 WriteProcessMemory 请求。 (0x12B)
[0830/075733.812:ERROR:process_memory_win.cc(73)] ReadMemory at 0x44509fb000 of 20480 bytes failed: 仅完成部分的 ReadProcessMemory 或 WriteProcessMemory 请求。 (0x12B)
[0830/075733.812:ERROR:process_memory_win.cc(73)] ReadMemory at 0x44519fd000 of 12288 bytes failed: 仅完成部分的 ReadProcessMemory 或 WriteProcessMemory 请求。 (0x12B)
[0830/075733.812:ERROR:process_memory_win.cc(73)] ReadMemory at 0x44521f9000 of 28672 bytes failed: 仅完成部分的 ReadProcessMemory 或 WriteProcessMemory 请求。 (0x12B)
[0830/075733.812:ERROR:process_memory_win.cc(73)] ReadMemory at 0x44529f9000 of 28672 bytes failed: 仅完成部分的 ReadProcessMemory 或 WriteProcessMemory 请求。 (0x12B)
[0830/075733.812:ERROR:process_memory_win.cc(73)] ReadMemory at 0x44531f9000 of 28672 bytes failed: 仅完成部分的 ReadProcessMemory 或 WriteProcessMemory 请求。 (0x12B)
[0830/075733.812:ERROR:process_memory_win.cc(73)] ReadMemory at 0x44539fd000 of 12288 bytes failed: 仅完成部分的 ReadProcessMemory 或 WriteProcessMemory 请求。 (0x12B)
[0830/075733.812:ERROR:process_memory_win.cc(73)] ReadMemory at 0x444e1fd000 of 12288 bytes failed: 仅完成部分的 ReadProcessMemory 或 WriteProcessMemory 请求。 (0x12B)
[0830/075733.812:ERROR:process_memory_win.cc(73)] ReadMemory at 0x44511fc000 of 16384 bytes failed: 仅完成部分的 ReadProcessMemory 或 WriteProcessMemory 请求。 (0x12B)
[0830/075733.812:ERROR:process_memory_win.cc(73)] ReadMemory at 0x44541fd000 of 12288 bytes failed: 仅完成部分的 ReadProcessMemory 或 WriteProcessMemory 请求。 (0x12B)
[0830/075733.812:ERROR:process_memory_win.cc(73)] ReadMemory at 0x44549fd000 of 12288 bytes failed: 仅完成部分的 ReadProcessMemory 或 WriteProcessMemory 请求。 (0x12B)
[0830/075733.812:ERROR:process_memory_win.cc(73)] ReadMemory at 0x44551fd000 of 12288 bytes failed: 仅完成部分的 ReadProcessMemory 或 WriteProcessMemory 请求。 (0x12B)
[0830/075733.812:ERROR:process_memory_win.cc(73)] ReadMemory at 0x444c877000 of 852 bytes failed: 仅完成部分的 ReadProcessMemory 或 WriteProcessMemory 请求。 (0x12B)
[0830/075733.812:ERROR:process_memory_win.cc(73)] ReadMemory at 0x444c878000 of 6024 bytes failed: 仅完成部分的 ReadProcessMemory 或 WriteProcessMemory 请求。 (0x12B)
[0830/075733.812:ERROR:process_memory_win.cc(73)] ReadMemory at 0x444c87a000 of 6024 bytes failed: 仅完成部分的 ReadProcessMemory 或 WriteProcessMemory 请求。 (0x12B)
[0830/075733.812:ERROR:process_memory_win.cc(73)] ReadMemory at 0x444c87e000 of 6024 bytes failed: 仅完成部分的 ReadProcessMemory 或 WriteProcessMemory 请求。 (0x12B)
[0830/075733.813:ERROR:process_memory_win.cc(73)] ReadMemory at 0x444c880000 of 6024 bytes failed: 仅完成部分的 ReadProcessMemory 或 WriteProcessMemory 请求。 (0x12B)
[0830/075733.813:ERROR:process_memory_win.cc(73)] ReadMemory at 0x444c882000 of 6024 bytes failed: 仅完成部分的 ReadProcessMemory 或 WriteProcessMemory 请求。 (0x12B)
[0830/075733.813:ERROR:process_memory_win.cc(73)] ReadMemory at 0x444c884000 of 6024 bytes failed: 仅完成部分的 ReadProcessMemory 或 WriteProcessMemory 请求。 (0x12B)
[0830/075733.813:ERROR:process_memory_win.cc(73)] ReadMemory at 0x444c886000 of 6024 bytes failed: 仅完成部分的 ReadProcessMemory 或 WriteProcessMemory 请求。 (0x12B)
[0830/075733.813:ERROR:process_memory_win.cc(73)] ReadMemory at 0x444c88a000 of 6024 bytes failed: 仅完成部分的 ReadProcessMemory 或 WriteProcessMemory 请求。 (0x12B)
[0830/075733.813:ERROR:process_memory_win.cc(73)] ReadMemory at 0x444c88c000 of 6024 bytes failed: 仅完成部分的 ReadProcessMemory 或 WriteProcessMemory 请求。 (0x12B)
[0830/075733.813:ERROR:process_memory_win.cc(73)] ReadMemory at 0x444c88e000 of 6024 bytes failed: 仅完成部分的 ReadProcessMemory 或 WriteProcessMemory 请求。 (0x12B)
[0830/075733.813:ERROR:process_memory_win.cc(73)] ReadMemory at 0x444c890000 of 6024 bytes failed: 仅完成部分的 ReadProcessMemory 或 WriteProcessMemory 请求。 (0x12B)
[0830/075733.813:ERROR:process_memory_win.cc(73)] ReadMemory at 0x444c892000 of 6024 bytes failed: 仅完成部分的 ReadProcessMemory 或 WriteProcessMemory 请求。 (0x12B)
[0830/075733.813:ERROR:process_memory_win.cc(73)] ReadMemory at 0x444c89c000 of 6024 bytes failed: 仅完成部分的 ReadProcessMemory 或 WriteProcessMemory 请求。 (0x12B)
[0830/075733.813:ERROR:process_memory_win.cc(73)] ReadMemory at 0x444c8a2000 of 6024 bytes failed: 仅完成部分的 ReadProcessMemory 或 WriteProcessMemory 请求。 (0x12B)
[0830/075733.813:ERROR:process_memory_win.cc(73)] ReadMemory at 0x444c8a4000 of 6024 bytes failed: 仅完成部分的 ReadProcessMemory 或 WriteProcessMemory 请求。 (0x12B)
[0830/075733.813:ERROR:process_memory_win.cc(73)] ReadMemory at 0x444c8a6000 of 6024 bytes failed: 仅完成部分的 ReadProcessMemory 或 WriteProcessMemory 请求。 (0x12B)
[0830/075733.813:ERROR:process_memory_win.cc(73)] ReadMemory at 0x444c8a8000 of 6024 bytes failed: 仅完成部分的 ReadProcessMemory 或 WriteProcessMemory 请求。 (0x12B)
[0830/075733.813:ERROR:process_memory_win.cc(73)] ReadMemory at 0x1dc04bd1000 of 512 bytes failed: 仅完成部分的 ReadProcessMemory 或 WriteProcessMemory 请求。 (0x12B)
[0830/075733.813:ERROR:process_memory_win.cc(73)] ReadMemory at 0x1dc04bd2380 of 512 bytes failed: 仅完成部分的 ReadProcessMemory 或 WriteProcessMemory 请求。 (0x12B)
[0830/075733.813:ERROR:process_memory_win.cc(73)] ReadMemory at 0x1dc04bd31c0 of 512 bytes failed: 仅完成部分的 ReadProcessMemory 或 WriteProcessMemory 请求。 (0x12B)
[0830/075733.813:ERROR:process_memory_win.cc(73)] ReadMemory at 0x1dc04c60fe0 of 18122 bytes failed: 仅完成部分的 ReadProcessMemory 或 WriteProcessMemory 请求。 (0x12B)
[0830/075733.813:ERROR:process_memory_win.cc(73)] ReadMemory at 0x1dc04c656c0 of 1012 bytes failed: 仅完成部分的 ReadProcessMemory 或 WriteProcessMemory 请求。 (0x12B)
[0830/075733.813:ERROR:process_memory_win.cc(73)] ReadMemory at 0x1dc04c65d08 of 118 bytes failed: 仅完成部分的 ReadProcessMemory 或 WriteProcessMemory 请求。 (0x12B)
[0830/075733.813:ERROR:process_memory_win.cc(73)] ReadMemory at 0x1dc04c65d80 of 846 bytes failed: 仅完成部分的 ReadProcessMemory 或 WriteProcessMemory 请求。 (0x12B)
[0830/075733.814:ERROR:process_memory_win.cc(73)] ReadMemory at 0x1dc04c660d0 of 118 bytes failed: 仅完成部分的 ReadProcessMemory 或 WriteProcessMemory 请求。 (0x12B)
[0830/075733.814:ERROR:process_memory_win.cc(73)] ReadMemory at 0x1dc04c66148 of 94 bytes failed: 仅完成部分的 ReadProcessMemory 或 WriteProcessMemory 请求。 (0x12B)
[0830/075733.814:ERROR:process_memory_win.cc(73)] ReadMemory at 0x1dc04c661c0 of 58 bytes failed: 仅完成部分的 ReadProcessMemory 或 WriteProcessMemory 请求。 (0x12B)
[0830/075733.814:ERROR:process_memory_win.cc(73)] ReadMemory at 0x1dc04c662c0 of 132 bytes failed: 仅完成部分的 ReadProcessMemory 或 WriteProcessMemory 请求。 (0x12B)
[0830/075733.814:ERROR:process_memory_win.cc(73)] ReadMemory at 0x1dc04c66450 of 132 bytes failed: 仅完成部分的 ReadProcessMemory 或 WriteProcessMemory 请求。 (0x12B)
[0830/075733.814:ERROR:process_memory_win.cc(73)] ReadMemory at 0x1dc04c66610 of 126 bytes failed: 仅完成部分的 ReadProcessMemory 或 WriteProcessMemory 请求。 (0x12B)
[0830/075733.814:ERROR:process_memory_win.cc(73)] ReadMemory at 0x1dc04c669f0 of 132 bytes failed: 仅完成部分的 ReadProcessMemory 或 WriteProcessMemory 请求。 (0x12B)
[0830/075733.814:ERROR:process_memory_win.cc(73)] ReadMemory at 0x1dc04c66b80 of 64 bytes failed: 仅完成部分的 ReadProcessMemory 或 WriteProcessMemory 请求。 (0x12B)
[0830/075733.814:ERROR:process_memory_win.cc(73)] ReadMemory at 0x1dc04c66d40 of 132 bytes failed: 仅完成部分的 ReadProcessMemory 或 WriteProcessMemory 请求。 (0x12B)
[0830/075733.814:ERROR:process_memory_win.cc(73)] ReadMemory at 0x1dc04c66fe0 of 132 bytes failed: 仅完成部分的 ReadProcessMemory 或 WriteProcessMemory 请求。 (0x12B)
[0830/075733.814:ERROR:process_memory_win.cc(73)] ReadMemory at 0x1dc04c67170 of 68 bytes failed: 仅完成部分的 ReadProcessMemory 或 WriteProcessMemory 请求。 (0x12B)
[0830/075733.814:ERROR:process_memory_win.cc(73)] ReadMemory at 0x1dc04c68200 of 132 bytes failed: 仅完成部分的 ReadProcessMemory 或 WriteProcessMemory 请求。 (0x12B)
[0830/075733.814:ERROR:process_memory_win.cc(73)] ReadMemory at 0x1dc04c68390 of 154 bytes failed: 仅完成部分的 ReadProcessMemory 或 WriteProcessMemory 请求。 (0x12B)
[0830/075733.814:ERROR:process_memory_win.cc(73)] ReadMemory at 0x1dc04c69270 of 62 bytes failed: 仅完成部分的 ReadProcessMemory 或 WriteProcessMemory 请求。 (0x12B)
[0830/075733.814:ERROR:process_memory_win.cc(73)] ReadMemory at 0x1dc04c693d0 of 132 bytes failed: 仅完成部分的 ReadProcessMemory 或 WriteProcessMemory 请求。 (0x12B)
[0830/075733.814:ERROR:process_memory_win.cc(73)] ReadMemory at 0x1dc04c69560 of 60 bytes failed: 仅完成部分的 ReadProcessMemory 或 WriteProcessMemory 请求。 (0x12B)
[0830/075733.814:ERROR:process_memory_win.cc(73)] ReadMemory at 0x1dc04c78d70 of 54 bytes failed: 仅完成部分的 ReadProcessMemory 或 WriteProcessMemory 请求。 (0x12B)
[0830/075733.814:ERROR:process_memory_win.cc(73)] ReadMemory at 0x1dc04c79af0 of 80 bytes failed: 仅完成部分的 ReadProcessMemory 或 WriteProcessMemory 请求。 (0x12B)
[0830/075733.814:ERROR:process_memory_win.cc(73)] ReadMemory at 0x1dc04c7d900 of 132 bytes failed: 仅完成部分的 ReadProcessMemory 或 WriteProcessMemory 请求。 (0x12B)
[0830/075733.814:ERROR:process_memory_win.cc(73)] ReadMemory at 0x1dc04c7dd50 of 132 bytes failed: 仅完成部分的 ReadProcessMemory 或 WriteProcessMemory 请求。 (0x12B)
[0830/075733.814:ERROR:process_memory_win.cc(73)] ReadMemory at 0x1dc04c7e560 of 132 bytes failed: 仅完成部分的 ReadProcessMemory 或 WriteProcessMemory 请求。 (0x12B)
[0830/075733.815:ERROR:process_memory_win.cc(73)] ReadMemory at 0x1dc04c7e770 of 132 bytes failed: 仅完成部分的 ReadProcessMemory 或 WriteProcessMemory 请求。 (0x12B)
[0830/075733.815:ERROR:process_memory_win.cc(73)] ReadMemory at 0x1dc04c7ec50 of 76 bytes failed: 仅完成部分的 ReadProcessMemory 或 WriteProcessMemory 请求。 (0x12B)
[0830/075733.815:ERROR:process_memory_win.cc(73)] ReadMemory at 0x1dc04c7f430 of 80 bytes failed: 仅完成部分的 ReadProcessMemory 或 WriteProcessMemory 请求。 (0x12B)
[0830/075733.815:ERROR:process_memory_win.cc(73)] ReadMemory at 0x1dc04c7f900 of 132 bytes failed: 仅完成部分的 ReadProcessMemory 或 WriteProcessMemory 请求。 (0x12B)
[0830/075733.815:ERROR:process_memory_win.cc(73)] ReadMemory at 0x1dc04c7fa30 of 132 bytes failed: 仅完成部分的 ReadProcessMemory 或 WriteProcessMemory 请求。 (0x12B)
[0830/075733.815:ERROR:process_memory_win.cc(73)] ReadMemory at 0x1dc04c7fb60 of 132 bytes failed: 仅完成部分的 ReadProcessMemory 或 WriteProcessMemory 请求。 (0x12B)
[0830/075733.815:ERROR:process_memory_win.cc(73)] ReadMemory at 0x1dc04c7fc90 of 132 bytes failed: 仅完成部分的 ReadProcessMemory 或 WriteProcessMemory 请求。 (0x12B)
[0830/075733.815:ERROR:process_memory_win.cc(73)] ReadMemory at 0x1dc04c7fdc0 of 132 bytes failed: 仅完成部分的 ReadProcessMemory 或 WriteProcessMemory 请求。 (0x12B)
[0830/075733.815:ERROR:process_memory_win.cc(73)] ReadMemory at 0x1dc04c7fef0 of 132 bytes failed: 仅完成部分的 ReadProcessMemory 或 WriteProcessMemory 请求。 (0x12B)
[0830/075733.815:ERROR:process_memory_win.cc(73)] ReadMemory at 0x1dc04c80020 of 132 bytes failed: 仅完成部分的 ReadProcessMemory 或 WriteProcessMemory 请求。 (0x12B)
[0830/075733.815:ERROR:process_memory_win.cc(73)] ReadMemory at 0x1dc04c80150 of 132 bytes failed: 仅完成部分的 ReadProcessMemory 或 WriteProcessMemory 请求。 (0x12B)
[0830/075733.815:ERROR:process_memory_win.cc(73)] ReadMemory at 0x1dc04c803b0 of 132 bytes failed: 仅完成部分的 ReadProcessMemory 或 WriteProcessMemory 请求。 (0x12B)
[0830/075733.815:ERROR:process_memory_win.cc(73)] ReadMemory at 0x1dc04c804e0 of 132 bytes failed: 仅完成部分的 ReadProcessMemory 或 WriteProcessMemory 请求。 (0x12B)
[0830/075733.815:ERROR:process_memory_win.cc(73)] ReadMemory at 0x1dc04c80610 of 132 bytes failed: 仅完成部分的 ReadProcessMemory 或 WriteProcessMemory 请求。 (0x12B)
[0830/075733.815:ERROR:process_memory_win.cc(73)] ReadMemory at 0x1dc04c80740 of 132 bytes failed: 仅完成部分的 ReadProcessMemory 或 WriteProcessMemory 请求。 (0x12B)
[0830/075733.815:ERROR:process_memory_win.cc(73)] ReadMemory at 0x1dc04c80d50 of 146 bytes failed: 仅完成部分的 ReadProcessMemory 或 WriteProcessMemory 请求。 (0x12B)
[0830/075733.815:ERROR:process_memory_win.cc(73)] ReadMemory at 0x1dc04c840c0 of 132 bytes failed: 仅完成部分的 ReadProcessMemory 或 WriteProcessMemory 请求。 (0x12B)
[0830/075733.815:ERROR:process_memory_win.cc(73)] ReadMemory at 0x1dc04c842d0 of 132 bytes failed: 仅完成部分的 ReadProcessMemory 或 WriteProcessMemory 请求。 (0x12B)
[0830/075733.815:ERROR:process_memory_win.cc(73)] ReadMemory at 0x1dc04c85090 of 64 bytes failed: 仅完成部分的 ReadProcessMemory 或 WriteProcessMemory 请求。 (0x12B)
[0830/075733.815:ERROR:process_memory_win.cc(73)] ReadMemory at 0x1dc04c85130 of 62 bytes failed: 仅完成部分的 ReadProcessMemory 或 WriteProcessMemory 请求。 (0x12B)
[0830/075733.815:ERROR:process_memory_win.cc(73)] ReadMemory at 0x1dc04c85180 of 64 bytes failed: 仅完成部分的 ReadProcessMemory 或 WriteProcessMemory 请求。 (0x12B)
[0830/075733.816:ERROR:process_memory_win.cc(73)] ReadMemory at 0x1dc04c851d0 of 60 bytes failed: 仅完成部分的 ReadProcessMemory 或 WriteProcessMemory 请求。 (0x12B)
[0830/075733.816:ERROR:process_memory_win.cc(73)] ReadMemory at 0x1dc04c85220 of 60 bytes failed: 仅完成部分的 ReadProcessMemory 或 WriteProcessMemory 请求。 (0x12B)
[0830/075733.816:ERROR:process_memory_win.cc(73)] ReadMemory at 0x1dc04c85270 of 58 bytes failed: 仅完成部分的 ReadProcessMemory 或 WriteProcessMemory 请求。 (0x12B)
[0830/075733.816:ERROR:process_memory_win.cc(73)] ReadMemory at 0x1dc04c852c0 of 60 bytes failed: 仅完成部分的 ReadProcessMemory 或 WriteProcessMemory 请求。 (0x12B)
[0830/075733.816:ERROR:process_memory_win.cc(73)] ReadMemory at 0x1dc04c85360 of 60 bytes failed: 仅完成部分的 ReadProcessMemory 或 WriteProcessMemory 请求。 (0x12B)
[0830/075733.816:ERROR:process_memory_win.cc(73)] ReadMemory at 0x1dc04c85400 of 66 bytes failed: 仅完成部分的 ReadProcessMemory 或 WriteProcessMemory 请求。 (0x12B)
[0830/075733.816:ERROR:process_memory_win.cc(73)] ReadMemory at 0x1dc04c85450 of 60 bytes failed: 仅完成部分的 ReadProcessMemory 或 WriteProcessMemory 请求。 (0x12B)
[0830/075733.816:ERROR:process_memory_win.cc(73)] ReadMemory at 0x1dc04c854a0 of 62 bytes failed: 仅完成部分的 ReadProcessMemory 或 WriteProcessMemory 请求。 (0x12B)
[0830/075733.816:ERROR:process_memory_win.cc(73)] ReadMemory at 0x1dc04c854f0 of 64 bytes failed: 仅完成部分的 ReadProcessMemory 或 WriteProcessMemory 请求。 (0x12B)
[0830/075733.816:ERROR:process_memory_win.cc(73)] ReadMemory at 0x1dc04c85590 of 64 bytes failed: 仅完成部分的 ReadProcessMemory 或 WriteProcessMemory 请求。 (0x12B)
[0830/075733.816:ERROR:process_memory_win.cc(73)] ReadMemory at 0x1dc04c85630 of 62 bytes failed: 仅完成部分的 ReadProcessMemory 或 WriteProcessMemory 请求。 (0x12B)
[0830/075733.816:ERROR:process_memory_win.cc(73)] ReadMemory at 0x1dc04c85810 of 64 bytes failed: 仅完成部分的 ReadProcessMemory 或 WriteProcessMemory 请求。 (0x12B)
[0830/075733.816:ERROR:process_memory_win.cc(73)] ReadMemory at 0x1dc04c858b0 of 62 bytes failed: 仅完成部分的 ReadProcessMemory 或 WriteProcessMemory 请求。 (0x12B)
[0830/075733.816:ERROR:process_memory_win.cc(73)] ReadMemory at 0x1dc04c85900 of 62 bytes failed: 仅完成部分的 ReadProcessMemory 或 WriteProcessMemory 请求。 (0x12B)
[0830/075733.816:ERROR:process_memory_win.cc(73)] ReadMemory at 0x1dc04c85950 of 66 bytes failed: 仅完成部分的 ReadProcessMemory 或 WriteProcessMemory 请求。 (0x12B)
[0830/075733.816:ERROR:process_memory_win.cc(73)] ReadMemory at 0x1dc04c859a0 of 64 bytes failed: 仅完成部分的 ReadProcessMemory 或 WriteProcessMemory 请求。 (0x12B)
[0830/075733.816:ERROR:process_memory_win.cc(73)] ReadMemory at 0x1dc04c85c20 of 62 bytes failed: 仅完成部分的 ReadProcessMemory 或 WriteProcessMemory 请求。 (0x12B)
[0830/075733.816:ERROR:process_memory_win.cc(73)] ReadMemory at 0x1dc04c85c70 of 64 bytes failed: 仅完成部分的 ReadProcessMemory 或 WriteProcessMemory 请求。 (0x12B)
[0830/075733.816:ERROR:process_memory_win.cc(73)] ReadMemory at 0x1dc04c85db0 of 62 bytes failed: 仅完成部分的 ReadProcessMemory 或 WriteProcessMemory 请求。 (0x12B)
[0830/075733.816:ERROR:process_memory_win.cc(73)] ReadMemory at 0x1dc04c85e50 of 60 bytes failed: 仅完成部分的 ReadProcessMemory 或 WriteProcessMemory 请求。 (0x12B)
[0830/075733.816:ERROR:process_memory_win.cc(73)] ReadMemory at 0x1dc04c85ea0 of 62 bytes failed: 仅完成部分的 ReadProcessMemory 或 WriteProcessMemory 请求。 (0x12B)
[0830/075733.816:ERROR:process_memory_win.cc(73)] ReadMemory at 0x1dc04c85ef0 of 62 bytes failed: 仅完成部分的 ReadProcessMemory 或 WriteProcessMemory 请求。 (0x12B)
[0830/075733.816:ERROR:process_memory_win.cc(73)] ReadMemory at 0x1dc04c85f40 of 62 bytes failed: 仅完成部分的 ReadProcessMemory 或 WriteProcessMemory 请求。 (0x12B)
[0830/075733.816:ERROR:process_memory_win.cc(73)] ReadMemory at 0x1dc04c85f90 of 64 bytes failed: 仅完成部分的 ReadProcessMemory 或 WriteProcessMemory 请求。 (0x12B)
[0830/075733.816:ERROR:process_memory_win.cc(73)] ReadMemory at 0x1dc04c87010 of 132 bytes failed: 仅完成部分的 ReadProcessMemory 或 WriteProcessMemory 请求。 (0x12B)
[0830/075733.817:ERROR:process_memory_win.cc(73)] ReadMemory at 0x1dc04c88850 of 132 bytes failed: 仅完成部分的 ReadProcessMemory 或 WriteProcessMemory 请求。 (0x12B)
[0830/075733.817:ERROR:process_memory_win.cc(73)] ReadMemory at 0x1dc04c88a70 of 132 bytes failed: 仅完成部分的 ReadProcessMemory 或 WriteProcessMemory 请求。 (0x12B)
[0830/075733.817:ERROR:process_memory_win.cc(73)] ReadMemory at 0x1dc04c8ddf0 of 132 bytes failed: 仅完成部分的 ReadProcessMemory 或 WriteProcessMemory 请求。 (0x12B)
[0830/075733.817:ERROR:process_memory_win.cc(73)] ReadMemory at 0x1dc04c8e000 of 132 bytes failed: 仅完成部分的 ReadProcessMemory 或 WriteProcessMemory 请求。 (0x12B)
[0830/075733.817:ERROR:process_memory_win.cc(73)] ReadMemory at 0x1dc04c8e390 of 132 bytes failed: 仅完成部分的 ReadProcessMemory 或 WriteProcessMemory 请求。 (0x12B)
[0830/075733.817:ERROR:process_memory_win.cc(73)] ReadMemory at 0x1dc04c8e850 of 132 bytes failed: 仅完成部分的 ReadProcessMemory 或 WriteProcessMemory 请求。 (0x12B)
[0830/075733.817:ERROR:process_memory_win.cc(73)] ReadMemory at 0x1dc04c8e980 of 132 bytes failed: 仅完成部分的 ReadProcessMemory 或 WriteProcessMemory 请求。 (0x12B)
[0830/075733.817:ERROR:process_memory_win.cc(73)] ReadMemory at 0x1dc04c8eab0 of 132 bytes failed: 仅完成部分的 ReadProcessMemory 或 WriteProcessMemory 请求。 (0x12B)
[0830/075733.817:ERROR:process_memory_win.cc(73)] ReadMemory at 0x1dc04c8ebe0 of 132 bytes failed: 仅完成部分的 ReadProcessMemory 或 WriteProcessMemory 请求。 (0x12B)
[0830/075733.817:ERROR:process_memory_win.cc(73)] ReadMemory at 0x1dc04c8ed10 of 132 bytes failed: 仅完成部分的 ReadProcessMemory 或 WriteProcessMemory 请求。 (0x12B)
[0830/075733.817:ERROR:process_memory_win.cc(73)] ReadMemory at 0x1dc04c8ee40 of 132 bytes failed: 仅完成部分的 ReadProcessMemory 或 WriteProcessMemory 请求。 (0x12B)
[0830/075733.817:ERROR:process_memory_win.cc(73)] ReadMemory at 0x1dc04c8f300 of 132 bytes failed: 仅完成部分的 ReadProcessMemory 或 WriteProcessMemory 请求。 (0x12B)
[0830/075733.817:ERROR:process_memory_win.cc(73)] ReadMemory at 0x1dc04c8fdb0 of 132 bytes failed: 仅完成部分的 ReadProcessMemory 或 WriteProcessMemory 请求。 (0x12B)
[0830/075733.817:ERROR:process_memory_win.cc(73)] ReadMemory at 0x1dc04cefed0 of 512 bytes failed: 仅完成部分的 ReadProcessMemory 或 WriteProcessMemory 请求。 (0x12B)
[0830/075733.818:ERROR:process_memory_win.cc(73)] ReadMemory at 0x1dc04d16610 of 512 bytes failed: 仅完成部分的 ReadProcessMemory 或 WriteProcessMemory 请求。 (0x12B)
[0830/075733.818:ERROR:process_memory_win.cc(73)] ReadMemory at 0x1dc04d1a9a0 of 512 bytes failed: 仅完成部分的 ReadProcessMemory 或 WriteProcessMemory 请求。 (0x12B)
[0830/075733.818:ERROR:process_memory_win.cc(73)] ReadMemory at 0x1dc04d29390 of 712 bytes failed: 仅完成部分的 ReadProcessMemory 或 WriteProcessMemory 请求。 (0x12B)
[0830/075733.818:ERROR:process_memory_win.cc(73)] ReadMemory at 0x1dc04d35c50 of 512 bytes failed: 仅完成部分的 ReadProcessMemory 或 WriteProcessMemory 请求。 (0x12B)
[0830/075733.818:ERROR:process_memory_win.cc(73)] ReadMemory at 0x1dc064c0000 of 384 bytes failed: 仅完成部分的 ReadProcessMemory 或 WriteProcessMemory 请求。 (0x12B)
[0830/075733.818:ERROR:process_memory_win.cc(73)] ReadMemory at 0x1dc064dd330 of 512 bytes failed: 仅完成部分的 ReadProcessMemory 或 WriteProcessMemory 请求。 (0x12B)
[0830/075733.819:ERROR:process_memory_win.cc(73)] ReadMemory at 0x1dc065c1670 of 512 bytes failed: 仅完成部分的 ReadProcessMemory 或 WriteProcessMemory 请求。 (0x12B)
[0830/075733.819:ERROR:process_memory_win.cc(73)] ReadMemory at 0x1dc0ac05403 of 512 bytes failed: 仅完成部分的 ReadProcessMemory 或 WriteProcessMemory 请求。 (0x12B)
[0830/075733.819:ERROR:process_memory_win.cc(73)] ReadMemory at 0x6cf108805454 of 512 bytes failed: 仅完成部分的 ReadProcessMemory 或 WriteProcessMemory 请求。 (0x12B)
[0830/075733.819:ERROR:process_memory_win.cc(73)] ReadMemory at 0x6cf10ac8c5dc of 512 bytes failed: 仅完成部分的 ReadProcessMemory 或 WriteProcessMemory 请求。 (0x12B)
[0830/075733.819:ERROR:process_memory_win.cc(73)] ReadMemory at 0x6cf10aca2879 of 512 bytes failed: 仅完成部分的 ReadProcessMemory 或 WriteProcessMemory 请求。 (0x12B)
[0830/075733.819:ERROR:process_memory_win.cc(73)] ReadMemory at 0x7fff738d4b20 of 512 bytes failed: 仅完成部分的 ReadProcessMemory 或 WriteProcessMemory 请求。 (0x12B)
[0830/075733.819:ERROR:process_memory_win.cc(73)] ReadMemory at 0x7fff7a3b7f16 of 512 bytes failed: 仅完成部分的 ReadProcessMemory 或 WriteProcessMemory 请求。 (0x12B)
[0830/075733.819:ERROR:process_memory_win.cc(73)] ReadMemory at 0x7fff7a54c658 of 512 bytes failed: 仅完成部分的 ReadProcessMemory 或 WriteProcessMemory 请求。 (0x12B)
[0830/075733.819:ERROR:process_memory_win.cc(73)] ReadMemory at 0x7fff7a7005d0 of 512 bytes failed: 仅完成部分的 ReadProcessMemory 或 WriteProcessMemory 请求。 (0x12B)
[0830/075733.819:ERROR:process_memory_win.cc(73)] ReadMemory at 0x7fff7b31da80 of 512 bytes failed: 仅完成部分的 ReadProcessMemory 或 WriteProcessMemory 请求。 (0x12B)
[0830/075733.819:ERROR:process_memory_win.cc(73)] ReadMemory at 0x7fffb669a699 of 512 bytes failed: 仅完成部分的 ReadProcessMemory 或 WriteProcessMemory 请求。 (0x12B)
[0830/075733.819:ERROR:process_memory_win.cc(73)] ReadMemory at 0x7fffb68cc6d0 of 512 bytes failed: 仅完成部分的 ReadProcessMemory 或 WriteProcessMemory 请求。 (0x12B)
[0830/075733.819:ERROR:process_memory_win.cc(73)] ReadMemory at 0x7fffb935c074 of 832 bytes failed: 仅完成部分的 ReadProcessMemory 或 WriteProcessMemory 请求。 (0x12B)
[0830/075733.819:ERROR:process_memory_win.cc(73)] ReadMemory at 0x7fffb935f924 of 608 bytes failed: 仅完成部分的 ReadProcessMemory 或 WriteProcessMemory 请求。 (0x12B)
[0830/075733.819:ERROR:process_memory_win.cc(73)] ReadMemory at 0x7fffb93ec428 of 18 bytes failed: 仅完成部分的 ReadProcessMemory 或 WriteProcessMemory 请求。 (0x12B)
[0830/075733.819:ERROR:process_memory_win.cc(73)] ReadMemory at 0x7fffb941f4f8 of 40 bytes failed: 仅完成部分的 ReadProcessMemory 或 WriteProcessMemory 请求。 (0x12B)
[0830/075733.819:ERROR:process_memory_win.cc(73)] ReadMemory at 0x7fffb941f978 of 48 bytes failed: 仅完成部分的 ReadProcessMemory 或 WriteProcessMemory 请求。 (0x12B)
[0830/075733.819:ERROR:process_memory_win.cc(73)] ReadMemory at 0x7fffb94253c0 of 64 bytes failed: 仅完成部分的 ReadProcessMemory 或 WriteProcessMemory 请求。 (0x12B)
[0830/075733.820:ERROR:scoped_process_suspend.cc(40)] NtResumeProcess: 已尝试访问正在退出的过程。 (0xc000010a)
